# JRE version: OpenJDK Runtime Environment Temurin-17.0.7+7 (17.0.7+7) (build 17.0.7+7)
# Java VM: OpenJDK 64-Bit Server VM Temurin-17.0.7+7 (17.0.7+7, mixed mode, tiered, compressed oops, compressed class ptrs, parallel gc, linux-amd64)
GC Precious Log:
 CPUs: 4 total, 4 available
 Memory: 15845M
 Large Page Support: Disabled
 NUMA Support: Disabled
 Compressed Oops: Enabled (32-bit)
 Alignments: Space 512K, Generation 512K, Heap 2M
 Heap Min Capacity: 100M
 Heap Initial Capacity: 100M
 Heap Max Capacity: 1G
 Pre-touch: Disabled
 Parallel Workers: 4
Heap:
 PSYoungGen      total 16896K, used 2274K [0x00000000eab00000, 0x00000000ec080000, 0x0000000100000000)
  eden space 15872K, 10% used [0x00000000eab00000,0x00000000eaca0ba8,0x00000000eba80000)
  from space 1024K, 59% used [0x00000000eba80000,0x00000000ebb18000,0x00000000ebb80000)
  to   space 2048K, 0% used [0x00000000ebe80000,0x00000000ebe80000,0x00000000ec080000)
 ParOldGen       total 68608K, used 48908K [0x00000000c0000000, 0x00000000c4300000, 0x00000000eab00000)
  object space 68608K, 71% used [0x00000000c0000000,0x00000000c2fc3308,0x00000000c4300000)
 Metaspace       used 56854K, committed 57728K, reserved 1114112K
  class space    used 6579K, committed 6912K, reserved 1048576K
GC Heap History (20 events):
Event: 19.589 GC heap before
{Heap before GC invocations=22 (full 2):
 PSYoungGen      total 20992K, used 20891K [0x00000000eab00000, 0x00000000ec380000, 0x0000000100000000)
  eden space 18944K, 100% used [0x00000000eab00000,0x00000000ebd80000,0x00000000ebd80000)
  from space 2048K, 95% used [0x00000000ebd80000,0x00000000ebf66d20,0x00000000ebf80000)
  to   space 3072K, 0% used [0x00000000ec080000,0x00000000ec080000,0x00000000ec380000)
 ParOldGen       total 68608K, used 25305K [0x00000000c0000000, 0x00000000c4300000, 0x00000000eab00000)
  object space 68608K, 36% used [0x00000000c0000000,0x00000000c18b6500,0x00000000c4300000)
 Metaspace       used 49231K, committed 50048K, reserved 1114112K
  class space    used 5422K, committed 5760K, reserved 1048576K
}
Event: 19.605 GC heap after
{Heap after GC invocations=22 (full 2):
 PSYoungGen      total 21504K, used 2400K [0x00000000eab00000, 0x00000000ec300000, 0x0000000100000000)
  eden space 18944K, 0% used [0x00000000eab00000,0x00000000eab00000,0x00000000ebd80000)
  from space 2560K, 93% used [0x00000000ec080000,0x00000000ec2d8010,0x00000000ec300000)
  to   space 2560K, 0% used [0x00000000ebe00000,0x00000000ebe00000,0x00000000ec080000)
 ParOldGen       total 68608K, used 27188K [0x00000000c0000000, 0x00000000c4300000, 0x00000000eab00000)
  object space 68608K, 39% used [0x00000000c0000000,0x00000000c1a8d220,0x00000000c4300000)
 Metaspace       used 49231K, committed 50048K, reserved 1114112K
  class space    used 5422K, committed 5760K, reserved 1048576K
}
Event: 19.700 GC heap before
{Heap before GC invocations=23 (full 2):
 PSYoungGen      total 21504K, used 21344K [0x00000000eab00000, 0x00000000ec300000, 0x0000000100000000)
  eden space 18944K, 100% used [0x00000000eab00000,0x00000000ebd80000,0x00000000ebd80000)
  from space 2560K, 93% used [0x00000000ec080000,0x00000000ec2d8010,0x00000000ec300000)
  to   space 2560K, 0% used [0x00000000ebe00000,0x00000000ebe00000,0x00000000ec080000)
 ParOldGen       total 68608K, used 27188K [0x00000000c0000000, 0x00000000c4300000, 0x00000000eab00000)
  object space 68608K, 39% used [0x00000000c0000000,0x00000000c1a8d220,0x00000000c4300000)
 Metaspace       used 49231K, committed 50048K, reserved 1114112K
  class space    used 5422K, committed 5760K, reserved 1048576K
}
Event: 19.710 GC heap after
{Heap after GC invocations=23 (full 2):
 PSYoungGen      total 21504K, used 2112K [0x00000000eab00000, 0x00000000ec280000, 0x0000000100000000)
  eden space 18944K, 0% used [0x00000000eab00000,0x00000000eab00000,0x00000000ebd80000)
  from space 2560K, 82% used [0x00000000ebe00000,0x00000000ec010000,0x00000000ec080000)
  to   space 2048K, 0% used [0x00000000ec080000,0x00000000ec080000,0x00000000ec280000)
 ParOldGen       total 68608K, used 29531K [0x00000000c0000000, 0x00000000c4300000, 0x00000000eab00000)
  object space 68608K, 43% used [0x00000000c0000000,0x00000000c1cd6d98,0x00000000c4300000)
 Metaspace       used 49231K, committed 50048K, reserved 1114112K
  class space    used 5422K, committed 5760K, reserved 1048576K
}
Event: 19.780 GC heap before
{Heap before GC invocations=24 (full 2):
 PSYoungGen      total 21504K, used 21056K [0x00000000eab00000, 0x00000000ec280000, 0x0000000100000000)
  eden space 18944K, 100% used [0x00000000eab00000,0x00000000ebd80000,0x00000000ebd80000)
  from space 2560K, 82% used [0x00000000ebe00000,0x00000000ec010000,0x00000000ec080000)
  to   space 2048K, 0% used [0x00000000ec080000,0x00000000ec080000,0x00000000ec280000)
 ParOldGen       total 68608K, used 29531K [0x00000000c0000000, 0x00000000c4300000, 0x00000000eab00000)
  object space 68608K, 43% used [0x00000000c0000000,0x00000000c1cd6d98,0x00000000c4300000)
 Metaspace       used 49231K, committed 50048K, reserved 1114112K
  class space    used 5422K, committed 5760K, reserved 1048576K
}
Event: 19.787 GC heap after
{Heap after GC invocations=24 (full 2):
 PSYoungGen      total 19456K, used 2016K [0x00000000eab00000, 0x00000000ec680000, 0x0000000100000000)
  eden space 17408K, 0% used [0x00000000eab00000,0x00000000eab00000,0x00000000ebc00000)
  from space 2048K, 98% used [0x00000000ec080000,0x00000000ec278010,0x00000000ec280000)
  to   space 4608K, 0% used [0x00000000ebc00000,0x00000000ebc00000,0x00000000ec080000)
 ParOldGen       total 68608K, used 31691K [0x00000000c0000000, 0x00000000c4300000, 0x00000000eab00000)
  object space 68608K, 46% used [0x00000000c0000000,0x00000000c1ef2d98,0x00000000c4300000)
 Metaspace       used 49231K, committed 50048K, reserved 1114112K
  class space    used 5422K, committed 5760K, reserved 1048576K
}
Event: 20.452 GC heap before
{Heap before GC invocations=25 (full 2):
 PSYoungGen      total 19456K, used 19424K [0x00000000eab00000, 0x00000000ec680000, 0x0000000100000000)
  eden space 17408K, 100% used [0x00000000eab00000,0x00000000ebc00000,0x00000000ebc00000)
  from space 2048K, 98% used [0x00000000ec080000,0x00000000ec278010,0x00000000ec280000)
  to   space 4608K, 0% used [0x00000000ebc00000,0x00000000ebc00000,0x00000000ec080000)
 ParOldGen       total 68608K, used 31691K [0x00000000c0000000, 0x00000000c4300000, 0x00000000eab00000)
  object space 68608K, 46% used [0x00000000c0000000,0x00000000c1ef2d98,0x00000000c4300000)
 Metaspace       used 49596K, committed 50368K, reserved 1114112K
  class space    used 5440K, committed 5760K, reserved 1048576K
}
Event: 20.470 GC heap after
{Heap after GC invocations=25 (full 2):
 PSYoungGen      total 19456K, used 1728K [0x00000000eab00000, 0x00000000ec200000, 0x0000000100000000)
  eden space 17408K, 0% used [0x00000000eab00000,0x00000000eab00000,0x00000000ebc00000)
  from space 2048K, 84% used [0x00000000ebc00000,0x00000000ebdb0000,0x00000000ebe00000)
  to   space 3072K, 0% used [0x00000000ebf00000,0x00000000ebf00000,0x00000000ec200000)
 ParOldGen       total 68608K, used 33697K [0x00000000c0000000, 0x00000000c4300000, 0x00000000eab00000)
  object space 68608K, 49% used [0x00000000c0000000,0x00000000c20e8628,0x00000000c4300000)
 Metaspace       used 49596K, committed 50368K, reserved 1114112K
  class space    used 5440K, committed 5760K, reserved 1048576K
}
Event: 21.252 GC heap before
{Heap before GC invocations=26 (full 2):
 PSYoungGen      total 19456K, used 19136K [0x00000000eab00000, 0x00000000ec200000, 0x0000000100000000)
  eden space 17408K, 100% used [0x00000000eab00000,0x00000000ebc00000,0x00000000ebc00000)
  from space 2048K, 84% used [0x00000000ebc00000,0x00000000ebdb0000,0x00000000ebe00000)
  to   space 3072K, 0% used [0x00000000ebf00000,0x00000000ebf00000,0x00000000ec200000)
 ParOldGen       total 68608K, used 33697K [0x00000000c0000000, 0x00000000c4300000, 0x00000000eab00000)
  object space 68608K, 49% used [0x00000000c0000000,0x00000000c20e8628,0x00000000c4300000)
 Metaspace       used 51695K, committed 52608K, reserved 1114112K
  class space    used 5674K, committed 6080K, reserved 1048576K
}
Event: 21.266 GC heap after
{Heap after GC invocations=26 (full 2):
 PSYoungGen      total 20480K, used 2480K [0x00000000eab00000, 0x00000000ec200000, 0x0000000100000000)
  eden space 17408K, 0% used [0x00000000eab00000,0x00000000eab00000,0x00000000ebc00000)
  from space 3072K, 80% used [0x00000000ebf00000,0x00000000ec16c000,0x00000000ec200000)
  to   space 3072K, 0% used [0x00000000ebc00000,0x00000000ebc00000,0x00000000ebf00000)
 ParOldGen       total 68608K, used 35369K [0x00000000c0000000, 0x00000000c4300000, 0x00000000eab00000)
  object space 68608K, 51% used [0x00000000c0000000,0x00000000c228a628,0x00000000c4300000)
 Metaspace       used 51695K, committed 52608K, reserved 1114112K
  class space    used 5674K, committed 6080K, reserved 1048576K
}
Event: 22.172 GC heap before
{Heap before GC invocations=27 (full 2):
 PSYoungGen      total 20480K, used 18139K [0x00000000eab00000, 0x00000000ec200000, 0x0000000100000000)
  eden space 17408K, 89% used [0x00000000eab00000,0x00000000eba4ace0,0x00000000ebc00000)
  from space 3072K, 80% used [0x00000000ebf00000,0x00000000ec16c000,0x00000000ec200000)
  to   space 3072K, 0% used [0x00000000ebc00000,0x00000000ebc00000,0x00000000ebf00000)
 ParOldGen       total 68608K, used 35369K [0x00000000c0000000, 0x00000000c4300000, 0x00000000eab00000)
  object space 68608K, 51% used [0x00000000c0000000,0x00000000c228a628,0x00000000c4300000)
 Metaspace       used 53290K, committed 54208K, reserved 1114112K
  class space    used 5932K, committed 6336K, reserved 1048576K
}
Event: 22.186 GC heap after
{Heap after GC invocations=27 (full 2):
 PSYoungGen      total 20480K, used 3055K [0x00000000eab00000, 0x00000000ec700000, 0x0000000100000000)
  eden space 17408K, 0% used [0x00000000eab00000,0x00000000eab00000,0x00000000ebc00000)
  from space 3072K, 99% used [0x00000000ebc00000,0x00000000ebefbdd8,0x00000000ebf00000)
  to   space 5632K, 0% used [0x00000000ec180000,0x00000000ec180000,0x00000000ec700000)
 ParOldGen       total 68608K, used 37168K [0x00000000c0000000, 0x00000000c4300000, 0x00000000eab00000)
  object space 68608K, 54% used [0x00000000c0000000,0x00000000c244c1e8,0x00000000c4300000)
 Metaspace       used 53290K, committed 54208K, reserved 1114112K
  class space    used 5932K, committed 6336K, reserved 1048576K
}
Event: 23.056 GC heap before
{Heap before GC invocations=28 (full 2):
 PSYoungGen      total 20480K, used 20463K [0x00000000eab00000, 0x00000000ec700000, 0x0000000100000000)
  eden space 17408K, 99% used [0x00000000eab00000,0x00000000ebbfff28,0x00000000ebc00000)
  from space 3072K, 99% used [0x00000000ebc00000,0x00000000ebefbdd8,0x00000000ebf00000)
  to   space 5632K, 0% used [0x00000000ec180000,0x00000000ec180000,0x00000000ec700000)
 ParOldGen       total 68608K, used 37168K [0x00000000c0000000, 0x00000000c4300000, 0x00000000eab00000)
  object space 68608K, 54% used [0x00000000c0000000,0x00000000c244c1e8,0x00000000c4300000)
 Metaspace       used 54588K, committed 55488K, reserved 1114112K
  class space    used 6182K, committed 6528K, reserved 1048576K
}
Event: 23.066 GC heap after
{Heap after GC invocations=28 (full 2):
 PSYoungGen      total 22016K, used 4396K [0x00000000eab00000, 0x00000000ec600000, 0x0000000100000000)
  eden space 17408K, 0% used [0x00000000eab00000,0x00000000eab00000,0x00000000ebc00000)
  from space 4608K, 95% used [0x00000000ec180000,0x00000000ec5cb2d8,0x00000000ec600000)
  to   space 4608K, 0% used [0x00000000ebd00000,0x00000000ebd00000,0x00000000ec180000)
 ParOldGen       total 68608K, used 40180K [0x00000000c0000000, 0x00000000c4300000, 0x00000000eab00000)
  object space 68608K, 58% used [0x00000000c0000000,0x00000000c273d168,0x00000000c4300000)
 Metaspace       used 54588K, committed 55488K, reserved 1114112K
  class space    used 6182K, committed 6528K, reserved 1048576K
}
Event: 23.682 GC heap before
{Heap before GC invocations=29 (full 2):
 PSYoungGen      total 22016K, used 21804K [0x00000000eab00000, 0x00000000ec600000, 0x0000000100000000)
  eden space 17408K, 100% used [0x00000000eab00000,0x00000000ebc00000,0x00000000ebc00000)
  from space 4608K, 95% used [0x00000000ec180000,0x00000000ec5cb2d8,0x00000000ec600000)
  to   space 4608K, 0% used [0x00000000ebd00000,0x00000000ebd00000,0x00000000ec180000)
 ParOldGen       total 68608K, used 40180K [0x00000000c0000000, 0x00000000c4300000, 0x00000000eab00000)
  object space 68608K, 58% used [0x00000000c0000000,0x00000000c273d168,0x00000000c4300000)
 Metaspace       used 55250K, committed 56128K, reserved 1114112K
  class space    used 6270K, committed 6656K, reserved 1048576K
}
Event: 23.692 GC heap after
{Heap after GC invocations=29 (full 2):
 PSYoungGen      total 18432K, used 576K [0x00000000eab00000, 0x00000000ec200000, 0x0000000100000000)
  eden space 17408K, 0% used [0x00000000eab00000,0x00000000eab00000,0x00000000ebc00000)
  from space 1024K, 56% used [0x00000000ebd00000,0x00000000ebd90000,0x00000000ebe00000)
  to   space 2048K, 0% used [0x00000000ec000000,0x00000000ec000000,0x00000000ec200000)
 ParOldGen       total 68608K, used 44511K [0x00000000c0000000, 0x00000000c4300000, 0x00000000eab00000)
  object space 68608K, 64% used [0x00000000c0000000,0x00000000c2b77f60,0x00000000c4300000)
 Metaspace       used 55250K, committed 56128K, reserved 1114112K
  class space    used 6270K, committed 6656K, reserved 1048576K
}
Event: 24.026 GC heap before
{Heap before GC invocations=30 (full 2):
 PSYoungGen      total 18432K, used 17984K [0x00000000eab00000, 0x00000000ec200000, 0x0000000100000000)
  eden space 17408K, 100% used [0x00000000eab00000,0x00000000ebc00000,0x00000000ebc00000)
  from space 1024K, 56% used [0x00000000ebd00000,0x00000000ebd90000,0x00000000ebe00000)
  to   space 2048K, 0% used [0x00000000ec000000,0x00000000ec000000,0x00000000ec200000)
 ParOldGen       total 68608K, used 44511K [0x00000000c0000000, 0x00000000c4300000, 0x00000000eab00000)
  object space 68608K, 64% used [0x00000000c0000000,0x00000000c2b77f60,0x00000000c4300000)
 Metaspace       used 55326K, committed 56256K, reserved 1114112K
  class space    used 6280K, committed 6656K, reserved 1048576K
}
Event: 24.035 GC heap after
{Heap after GC invocations=30 (full 2):
 PSYoungGen      total 17920K, used 2017K [0x00000000eab00000, 0x00000000ec700000, 0x0000000100000000)
  eden space 15872K, 0% used [0x00000000eab00000,0x00000000eab00000,0x00000000eba80000)
  from space 2048K, 98% used [0x00000000ec000000,0x00000000ec1f86d0,0x00000000ec200000)
  to   space 5632K, 0% used [0x00000000eba80000,0x00000000eba80000,0x00000000ec000000)
 ParOldGen       total 68608K, used 46920K [0x00000000c0000000, 0x00000000c4300000, 0x00000000eab00000)
  object space 68608K, 68% used [0x00000000c0000000,0x00000000c2dd2348,0x00000000c4300000)
 Metaspace       used 55326K, committed 56256K, reserved 1114112K
  class space    used 6280K, committed 6656K, reserved 1048576K
}
Event: 24.791 GC heap before
{Heap before GC invocations=31 (full 2):
 PSYoungGen      total 17920K, used 17889K [0x00000000eab00000, 0x00000000ec700000, 0x0000000100000000)
  eden space 15872K, 100% used [0x00000000eab00000,0x00000000eba80000,0x00000000eba80000)
  from space 2048K, 98% used [0x00000000ec000000,0x00000000ec1f86d0,0x00000000ec200000)
  to   space 5632K, 0% used [0x00000000eba80000,0x00000000eba80000,0x00000000ec000000)
 ParOldGen       total 68608K, used 46920K [0x00000000c0000000, 0x00000000c4300000, 0x00000000eab00000)
  object space 68608K, 68% used [0x00000000c0000000,0x00000000c2dd2348,0x00000000c4300000)
 Metaspace       used 56643K, committed 57536K, reserved 1114112K
  class space    used 6548K, committed 6912K, reserved 1048576K
}
Event: 24.798 GC heap after
{Heap after GC invocations=31 (full 2):
 PSYoungGen      total 16896K, used 608K [0x00000000eab00000, 0x00000000ec080000, 0x0000000100000000)
  eden space 15872K, 0% used [0x00000000eab00000,0x00000000eab00000,0x00000000eba80000)
  from space 1024K, 59% used [0x00000000eba80000,0x00000000ebb18000,0x00000000ebb80000)
  to   space 2048K, 0% used [0x00000000ebe80000,0x00000000ebe80000,0x00000000ec080000)
 ParOldGen       total 68608K, used 48908K [0x00000000c0000000, 0x00000000c4300000, 0x00000000eab00000)
  object space 68608K, 71% used [0x00000000c0000000,0x00000000c2fc3308,0x00000000c4300000)
 Metaspace       used 56643K, committed 57536K, reserved 1114112K
  class space    used 6548K, committed 6912K, reserved 1048576K
}

